# JRE version: 7.0_25-b17
# Java VM: Java HotSpot(TM) Client VM (23.25-b01 mixed mode windows-x86 )
Heap
 def new generation   total 4992K, used 1213K [0x03ae0000, 0x04040000, 0x09030000)
  eden space 4480K,  27% used [0x03ae0000, 0x03c0f5f8, 0x03f40000)
  from space 512K,   0% used [0x03fc0000, 0x03fc00b0, 0x04040000)
  to   space 512K,   0% used [0x03f40000, 0x03f40000, 0x03fc0000)
 tenured generation   total 10944K, used 4576K [0x09030000, 0x09ae0000, 0x13ae0000)
   the space 10944K,  41% used [0x09030000, 0x094a8058, 0x094a8200, 0x09ae0000)
 compacting perm gen  total 12288K, used 1672K [0x13ae0000, 0x146e0000, 0x17ae0000)
   the space 12288K,  13% used [0x13ae0000, 0x13c82310, 0x13c82400, 0x146e0000)
GC Heap History (10 events):
Event: 560.783 GC heap before
{Heap before GC invocations=3894 (full 0):
 def new generation   total 4992K, used 4480K [0x03ae0000, 0x04040000, 0x09030000)
  eden space 4480K, 100% used [0x03ae0000, 0x03f40000, 0x03f40000)
  from space 512K,   0% used [0x03f40000, 0x03f40038, 0x03fc0000)
  to   space 512K,   0% used [0x03fc0000, 0x03fc0000, 0x04040000)
 tenured generation   total 10944K, used 4576K [0x09030000, 0x09ae0000, 0x13ae0000)
   the space 10944K,  41% used [0x09030000, 0x094a8058, 0x094a8200, 0x09ae0000)
 compacting perm gen  total 12288K, used 1672K [0x13ae0000, 0x146e0000, 0x17ae0000)
   the space 12288K,  13% used [0x13ae0000, 0x13c82310, 0x13c82400, 0x146e0000)
No shared spaces configured.
Event: 560.784 GC heap after
Heap after GC invocations=3895 (full 0):
 def new generation   total 4992K, used 0K [0x03ae0000, 0x04040000, 0x09030000)
  eden space 4480K,   0% used [0x03ae0000, 0x03ae0000, 0x03f40000)
  from space 512K,   0% used [0x03fc0000, 0x03fc0160, 0x04040000)
  to   space 512K,   0% used [0x03f40000, 0x03f40000, 0x03fc0000)
 tenured generation   total 10944K, used 4576K [0x09030000, 0x09ae0000, 0x13ae0000)
   the space 10944K,  41% used [0x09030000, 0x094a8058, 0x094a8200, 0x09ae0000)
 compacting perm gen  total 12288K, used 1672K [0x13ae0000, 0x146e0000, 0x17ae0000)
   the space 12288K,  13% used [0x13ae0000, 0x13c82310, 0x13c82400, 0x146e0000)
No shared spaces configured.
}
Event: 560.805 GC heap before
{Heap before GC invocations=3895 (full 0):
 def new generation   total 4992K, used 4480K [0x03ae0000, 0x04040000, 0x09030000)
  eden space 4480K, 100% used [0x03ae0000, 0x03f40000, 0x03f40000)
  from space 512K,   0% used [0x03fc0000, 0x03fc0160, 0x04040000)
  to   space 512K,   0% used [0x03f40000, 0x03f40000, 0x03fc0000)
 tenured generation   total 10944K, used 4576K [0x09030000, 0x09ae0000, 0x13ae0000)
   the space 10944K,  41% used [0x09030000, 0x094a8058, 0x094a8200, 0x09ae0000)
 compacting perm gen  total 12288K, used 1672K [0x13ae0000, 0x146e0000, 0x17ae0000)
   the space 12288K,  13% used [0x13ae0000, 0x13c82310, 0x13c82400, 0x146e0000)
No shared spaces configured.
Event: 560.806 GC heap after
Heap after GC invocations=3896 (full 0):
 def new generation   total 4992K, used 0K [0x03ae0000, 0x04040000, 0x09030000)
  eden space 4480K,   0% used [0x03ae0000, 0x03ae0000, 0x03f40000)
  from space 512K,   0% used [0x03f40000, 0x03f40100, 0x03fc0000)
  to   space 512K,   0% used [0x03fc0000, 0x03fc0000, 0x04040000)
 tenured generation   total 10944K, used 4576K [0x09030000, 0x09ae0000, 0x13ae0000)
   the space 10944K,  41% used [0x09030000, 0x094a8058, 0x094a8200, 0x09ae0000)
 compacting perm gen  total 12288K, used 1672K [0x13ae0000, 0x146e0000, 0x17ae0000)
   the space 12288K,  13% used [0x13ae0000, 0x13c82310, 0x13c82400, 0x146e0000)
No shared spaces configured.
}
Event: 560.827 GC heap before
{Heap before GC invocations=3896 (full 0):
 def new generation   total 4992K, used 4480K [0x03ae0000, 0x04040000, 0x09030000)
  eden space 4480K, 100% used [0x03ae0000, 0x03f40000, 0x03f40000)
  from space 512K,   0% used [0x03f40000, 0x03f40100, 0x03fc0000)
  to   space 512K,   0% used [0x03fc0000, 0x03fc0000, 0x04040000)
 tenured generation   total 10944K, used 4576K [0x09030000, 0x09ae0000, 0x13ae0000)
   the space 10944K,  41% used [0x09030000, 0x094a8058, 0x094a8200, 0x09ae0000)
 compacting perm gen  total 12288K, used 1672K [0x13ae0000, 0x146e0000, 0x17ae0000)
   the space 12288K,  13% used [0x13ae0000, 0x13c82310, 0x13c82400, 0x146e0000)
No shared spaces configured.
Event: 560.828 GC heap after
Heap after GC invocations=3897 (full 0):
 def new generation   total 4992K, used 0K [0x03ae0000, 0x04040000, 0x09030000)
  eden space 4480K,   0% used [0x03ae0000, 0x03ae0000, 0x03f40000)
  from space 512K,   0% used [0x03fc0000, 0x03fc0038, 0x04040000)
  to   space 512K,   0% used [0x03f40000, 0x03f40000, 0x03fc0000)
 tenured generation   total 10944K, used 4576K [0x09030000, 0x09ae0000, 0x13ae0000)
   the space 10944K,  41% used [0x09030000, 0x094a8058, 0x094a8200, 0x09ae0000)
 compacting perm gen  total 12288K, used 1672K [0x13ae0000, 0x146e0000, 0x17ae0000)
   the space 12288K,  13% used [0x13ae0000, 0x13c82310, 0x13c82400, 0x146e0000)
No shared spaces configured.
}
Event: 560.850 GC heap before
{Heap before GC invocations=3897 (full 0):
 def new generation   total 4992K, used 4480K [0x03ae0000, 0x04040000, 0x09030000)
  eden space 4480K, 100% used [0x03ae0000, 0x03f40000, 0x03f40000)
  from space 512K,   0% used [0x03fc0000, 0x03fc0038, 0x04040000)
  to   space 512K,   0% used [0x03f40000, 0x03f40000, 0x03fc0000)
 tenured generation   total 10944K, used 4576K [0x09030000, 0x09ae0000, 0x13ae0000)
   the space 10944K,  41% used [0x09030000, 0x094a8058, 0x094a8200, 0x09ae0000)
 compacting perm gen  total 12288K, used 1672K [0x13ae0000, 0x146e0000, 0x17ae0000)
   the space 12288K,  13% used [0x13ae0000, 0x13c82310, 0x13c82400, 0x146e0000)
No shared spaces configured.
Event: 560.850 GC heap after
Heap after GC invocations=3898 (full 0):
 def new generation   total 4992K, used 0K [0x03ae0000, 0x04040000, 0x09030000)
  eden space 4480K,   0% used [0x03ae0000, 0x03ae0000, 0x03f40000)
  from space 512K,   0% used [0x03f40000, 0x03f40020, 0x03fc0000)
  to   space 512K,   0% used [0x03fc0000, 0x03fc0000, 0x04040000)
 tenured generation   total 10944K, used 4576K [0x09030000, 0x09ae0000, 0x13ae0000)
   the space 10944K,  41% used [0x09030000, 0x094a8058, 0x094a8200, 0x09ae0000)
 compacting perm gen  total 12288K, used 1672K [0x13ae0000, 0x146e0000, 0x17ae0000)
   the space 12288K,  13% used [0x13ae0000, 0x13c82310, 0x13c82400, 0x146e0000)
No shared spaces configured.
}
Event: 560.872 GC heap before
{Heap before GC invocations=3898 (full 0):
 def new generation   total 4992K, used 4480K [0x03ae0000, 0x04040000, 0x09030000)
  eden space 4480K, 100% used [0x03ae0000, 0x03f40000, 0x03f40000)
  from space 512K,   0% used [0x03f40000, 0x03f40020, 0x03fc0000)
  to   space 512K,   0% used [0x03fc0000, 0x03fc0000, 0x04040000)
 tenured generation   total 10944K, used 4576K [0x09030000, 0x09ae0000, 0x13ae0000)
   the space 10944K,  41% used [0x09030000, 0x094a8058, 0x094a8200, 0x09ae0000)
 compacting perm gen  total 12288K, used 1672K [0x13ae0000, 0x146e0000, 0x17ae0000)
   the space 12288K,  13% used [0x13ae0000, 0x13c82310, 0x13c82400, 0x146e0000)
No shared spaces configured.
Event: 560.873 GC heap after
Heap after GC invocations=3899 (full 0):
 def new generation   total 4992K, used 0K [0x03ae0000, 0x04040000, 0x09030000)
  eden space 4480K,   0% used [0x03ae0000, 0x03ae0000, 0x03f40000)
  from space 512K,   0% used [0x03fc0000, 0x03fc00b0, 0x04040000)
  to   space 512K,   0% used [0x03f40000, 0x03f40000, 0x03fc0000)
 tenured generation   total 10944K, used 4576K [0x09030000, 0x09ae0000, 0x13ae0000)
   the space 10944K,  41% used [0x09030000, 0x094a8058, 0x094a8200, 0x09ae0000)
 compacting perm gen  total 12288K, used 1672K [0x13ae0000, 0x146e0000, 0x17ae0000)
   the space 12288K,  13% used [0x13ae0000, 0x13c82310, 0x13c82400, 0x146e0000)
No shared spaces configured.
}

